#
# There is insufficient memory for the Java Runtime Environment to continue.
# Native memory allocation (malloc) failed to allocate 32744 bytes for ChunkPool::allocate
# Possible reasons:
#   The system is out of physical RAM or swap space
#   The process is running with CompressedOops enabled, and the Java Heap may be blocking the growth of the native heap
# Possible solutions:
#   Reduce memory load on the system
#   Increase physical memory or swap space
#   Check if swap backing store is full
#   Decrease Java heap size (-Xmx/-Xms)
#   Decrease number of Java threads
#   Decrease Java thread stack sizes (-Xss)
#   Set larger code cache with -XX:ReservedCodeCacheSize=
#   JVM is running with Unscaled Compressed Oops mode in which the Java heap is
#     placed in the first 4GB address space. The Java Heap base address is the
#     maximum limit for the native heap growth. Please use -XX:HeapBaseMinAddress
#     to set the Java Heap base and to place the Java Heap above 4GB virtual address.
# This output file may be truncated or incomplete.
#
#  Out of Memory Error (c:/BuildAgent/work/5ff2f6c26000d570/src/hotspot/share/memory/arena.cpp:81), pid=6580, tid=7700
#
# JRE version: OpenJDK Runtime Environment (11.0.4+10) (build 11.0.4+10-b520.11)
# Java VM: OpenJDK 64-Bit Server VM (11.0.4+10-b520.11, mixed mode, tiered, compressed oops, g1 gc, windows-amd64)
# No core dump will be written. Minidumps are not enabled by default on client versions of Windows
#

---------------  S U M M A R Y ------------

Command Line: -javaagent:D:\apps\IDEA-U\ch-0\193.5233.102\lib\idea_rt.jar=61478:D:\apps\IDEA-U\ch-0\193.5233.102\bin -Dfile.encoding=UTF-8 main.Test

Host: Intel(R) Core(TM) i5-7300HQ CPU @ 2.50GHz, 4 cores, 7G,  Windows 10 , 64 bit Build 14393 (10.0.14393.2906)
Time: Tue Dec 24 19:53:50 2019 ?D1¨²¡À¨º¡Á?¨º¡À?? elapsed time: 5 seconds (0d 0h 0m 5s)

---------------  T H R E A D  ---------------

Current thread (0x0000023595cbf800):  JavaThread "C1 CompilerThread0" daemon [_thread_in_native, id=7700, stack(0x000000eb9ac00000,0x000000eb9ad00000)]


Current CompileTask:
C1:   5099 1351       3       javax.swing.UIDefaults$TextAndMnemonicHashMap::get (358 bytes)

Stack: [0x000000eb9ac00000,0x000000eb9ad00000]
Native frames: (J=compiled Java code, j=interpreted, Vv=VM code, C=native code)
V  [jvm.dll+0x5db21a]
V  [jvm.dll+0x70c4f5]
V  [jvm.dll+0x70da18]
V  [jvm.dll+0x70e0e3]
V  [jvm.dll+0x23de68]
V  [jvm.dll+0xb94bb]
V  [jvm.dll+0xb976c]
V  [jvm.dll+0x161c13]
V  [jvm.dll+0x161cd7]
V  [jvm.dll+0x164049]
V  [jvm.dll+0x165fe4]
V  [jvm.dll+0x11fd1c]
V  [jvm.dll+0x11f829]
V  [jvm.dll+0x11f993]
V  [jvm.dll+0x11eca7]
V  [jvm.dll+0x120877]
V  [jvm.dll+0x204ab7]
V  [jvm.dll+0x203352]
V  [jvm.dll+0x6d955f]
V  [jvm.dll+0x6d235d]
V  [jvm.dll+0x5da4f6]
C  [ucrtbase.dll+0x1cd70]
C  [KERNEL32.DLL+0x84d4]
C  [ntdll.dll+0x6e851]


---------------  P R O C E S S  ---------------

Threads class SMR info:
_java_thread_list=0x0000023596661aa0, length=17, elements={
0x000002359544b000, 0x000002359544c000, 0x0000023595cb7000, 0x0000023595cb8000,
0x0000023595cb9000, 0x0000023595cbf800, 0x0000023595d42800, 0x0000023595dd5000,
0x0000023595efc800, 0x0000023595efd800, 0x0000023596218000, 0x0000023596201800,
0x0000023596248000, 0x00000235965b9800, 0x00000235fb461000, 0x00000235982e9000,
0x0000023598407800
}

Java Threads: ( => current thread )
  0x000002359544b000 JavaThread "Reference Handler" daemon [_thread_blocked, id=6460, stack(0x000000eb9a700000,0x000000eb9a800000)]
  0x000002359544c000 JavaThread "Finalizer" daemon [_thread_blocked, id=8352, stack(0x000000eb9a800000,0x000000eb9a900000)]
  0x0000023595cb7000 JavaThread "Signal Dispatcher" daemon [_thread_blocked, id=11100, stack(0x000000eb9a900000,0x000000eb9aa00000)]
  0x0000023595cb8000 JavaThread "Attach Listener" daemon [_thread_blocked, id=9200, stack(0x000000eb9aa00000,0x000000eb9ab00000)]
  0x0000023595cb9000 JavaThread "C2 CompilerThread0" daemon [_thread_in_native, id=10276, stack(0x000000eb9ab00000,0x000000eb9ac00000)]
=>0x0000023595cbf800 JavaThread "C1 CompilerThread0" daemon [_thread_in_native, id=7700, stack(0x000000eb9ac00000,0x000000eb9ad00000)]
  0x0000023595d42800 JavaThread "Sweeper thread" daemon [_thread_blocked, id=1060, stack(0x000000eb9ad00000,0x000000eb9ae00000)]
  0x0000023595dd5000 JavaThread "Common-Cleaner" daemon [_thread_blocked, id=11020, stack(0x000000eb9ae00000,0x000000eb9af00000)]
  0x0000023595efc800 JavaThread "Monitor Ctrl-Break" daemon [_thread_in_native, id=5604, stack(0x000000eb9af00000,0x000000eb9b000000)]
  0x0000023595efd800 JavaThread "Service Thread" daemon [_thread_blocked, id=6896, stack(0x000000eb9b000000,0x000000eb9b100000)]
  0x0000023596218000 JavaThread "Java2D Disposer" daemon [_thread_blocked, id=10088, stack(0x000000eb9b200000,0x000000eb9b300000)]
  0x0000023596201800 JavaThread "AWT-Shutdown" [_thread_blocked, id=384, stack(0x000000eb9b300000,0x000000eb9b400000)]
  0x0000023596248000 JavaThread "AWT-Windows" daemon [_thread_in_native, id=10968, stack(0x000000eb9b400000,0x000000eb9b500000)]
  0x00000235965b9800 JavaThread "AWT-EventQueue-0" [_thread_blocked, id=11228, stack(0x000000eb9b500000,0x000000eb9b600000)]
  0x00000235fb461000 JavaThread "DestroyJavaVM" [_thread_blocked, id=6560, stack(0x000000eb9a000000,0x000000eb9a100000)]
  0x00000235982e9000 JavaThread "TimerQueue" daemon [_thread_blocked, id=3704, stack(0x000000eb9bd00000,0x000000eb9be00000)]
  0x0000023598407800 JavaThread "Image Fetcher 0" daemon [_thread_blocked, id=11088, stack(0x000000eb9be00000,0x000000eb9bf00000)]

Other Threads:
  0x000002359541c800 VMThread "VM Thread" [stack: 0x000000eb9a600000,0x000000eb9a700000] [id=10108]
  0x0000023595efe800 WatcherThread [stack: 0x000000eb9b100000,0x000000eb9b200000] [id=9856]
  0x00000235fb476800 GCTaskThread "GC Thread#0" [stack: 0x000000eb9a100000,0x000000eb9a200000] [id=10472]
  0x000002359eab8800 GCTaskThread "GC Thread#1" [stack: 0x000000eb9bf00000,0x000000eb9c000000] [id=916]
  0x0000023598899800 GCTaskThread "GC Thread#2" [stack: 0x000000eb9c000000,0x000000eb9c100000] [id=9248]
  0x000002359889a800 GCTaskThread "GC Thread#3" [stack: 0x000000eb9c100000,0x000000eb9c200000] [id=7812]
  0x00000235fb4df000 ConcurrentGCThread "G1 Main Marker" [stack: 0x000000eb9a200000,0x000000eb9a300000] [id=11232]
  0x00000235fb4e0000 ConcurrentGCThread "G1 Conc#0" [stack: 0x000000eb9a300000,0x000000eb9a400000] [id=4856]
  0x0000023595286800 ConcurrentGCThread "G1 Refine#0" [stack: 0x000000eb9a400000,0x000000eb9a500000] [id=4104]
  0x0000023595287800 ConcurrentGCThread "G1 Young RemSet Sampling" [stack: 0x000000eb9a500000,0x000000eb9a600000] [id=8156]

Threads with active compile tasks:
C2 CompilerThread01365       4       java.lang.String::substring (58 bytes)
C1 CompilerThread01351       3       javax.swing.UIDefaults$TextAndMnemonicHashMap::get (358 bytes)

VM state:not at safepoint (normal execution)

VM Mutex/Monitor currently owned by a thread: None

Heap address: 0x0000000081c00000, size: 2020 MB, Compressed Oops mode: 32-bit
Narrow klass base: 0x0000000000000000, Narrow klass shift: 3
Compressed class space size: 1073741824 Address: 0x0000000100000000

Heap:
 garbage-first heap   total 131072K, used 5204K [0x0000000081c00000, 0x0000000100000000)
  region size 1024K, 3 young (3072K), 2 survivors (2048K)
 Metaspace       used 17434K, capacity 17879K, committed 18048K, reserved 1064960K
  class space    used 1901K, capacity 2115K, committed 2176K, reserved 1048576K
Heap Regions: E=young(eden), S=young(survivor), O=old, HS=humongous(starts), HC=humongous(continues), CS=collection set, F=free, A=archive, TAMS=top-at-mark-start (previous, next)
|   0|0x0000000081c00000, 0x0000000081d00000, 0x0000000081d00000|100%|HS|  |TAMS 0x0000000081c00000, 0x0000000081c00000| Complete 
|   1|0x0000000081d00000, 0x0000000081e00000, 0x0000000081e00000|100%|HC|  |TAMS 0x0000000081d00000, 0x0000000081d00000| Complete 
|   2|0x0000000081e00000, 0x0000000081e00000, 0x0000000081f00000|  0%| F|  |TAMS 0x0000000081e00000, 0x0000000081e00000| Untracked 
|   3|0x0000000081f00000, 0x0000000081f00000, 0x0000000082000000|  0%| F|  |TAMS 0x0000000081f00000, 0x0000000081f00000| Untracked 
|   4|0x0000000082000000, 0x0000000082100000, 0x0000000082100000|100%| O|  |TAMS 0x0000000082000000, 0x0000000082000000| Untracked 
|   5|0x0000000082100000, 0x0000000082115200, 0x0000000082200000|  8%| O|  |TAMS 0x0000000082100000, 0x0000000082100000| Untracked 
|   6|0x0000000082200000, 0x0000000082200000, 0x0000000082300000|  0%| F|  |TAMS 0x0000000082200000, 0x0000000082200000| Untracked 
|   7|0x0000000082300000, 0x0000000082300000, 0x0000000082400000|  0%| F|  |TAMS 0x0000000082300000, 0x0000000082300000| Untracked 
|   8|0x0000000082400000, 0x0000000082400000, 0x0000000082500000|  0%| F|  |TAMS 0x0000000082400000, 0x0000000082400000| Untracked 
|   9|0x0000000082500000, 0x0000000082500000, 0x0000000082600000|  0%| F|  |TAMS 0x0000000082500000, 0x0000000082500000| Untracked 
|  10|0x0000000082600000, 0x0000000082600000, 0x0000000082700000|  0%| F|  |TAMS 0x0000000082600000, 0x0000000082600000| Untracked 
|  11|0x0000000082700000, 0x0000000082700000, 0x0000000082800000|  0%| F|  |TAMS 0x0000000082700000, 0x0000000082700000| Untracked 
|  12|0x0000000082800000, 0x0000000082800000, 0x0000000082900000|  0%| F|  |TAMS 0x0000000082800000, 0x0000000082800000| Untracked 
|  13|0x0000000082900000, 0x0000000082900000, 0x0000000082a00000|  0%| F|  |TAMS 0x0000000082900000, 0x0000000082900000| Untracked 
|  14|0x0000000082a00000, 0x0000000082a00000, 0x0000000082b00000|  0%| F|  |TAMS 0x0000000082a00000, 0x0000000082a00000| Untracked 
|  15|0x0000000082b00000, 0x0000000082b00000, 0x0000000082c00000|  0%| F|  |TAMS 0x0000000082b00000, 0x0000000082b00000| Untracked 
|  16|0x0000000082c00000, 0x0000000082c00000, 0x0000000082d00000|  0%| F|  |TAMS 0x0000000082c00000, 0x0000000082c00000| Untracked 
|  17|0x0000000082d00000, 0x0000000082d00000, 0x0000000082e00000|  0%| F|  |TAMS 0x0000000082d00000, 0x0000000082d00000| Untracked 
|  18|0x0000000082e00000, 0x0000000082e00000, 0x0000000082f00000|  0%| F|  |TAMS 0x0000000082e00000, 0x0000000082e00000| Untracked 
|  19|0x0000000082f00000, 0x0000000082f00000, 0x0000000083000000|  0%| F|  |TAMS 0x0000000082f00000, 0x0000000082f00000| Untracked 
|  20|0x0000000083000000, 0x0000000083000000, 0x0000000083100000|  0%| F|  |TAMS 0x0000000083000000, 0x0000000083000000| Untracked 
|  21|0x0000000083100000, 0x0000000083100000, 0x0000000083200000|  0%| F|  |TAMS 0x0000000083100000, 0x0000000083100000| Untracked 
|  22|0x0000000083200000, 0x0000000083200000, 0x0000000083300000|  0%| F|  |TAMS 0x0000000083200000, 0x0000000083200000| Untracked 
|  23|0x0000000083300000, 0x0000000083300000, 0x0000000083400000|  0%| F|  |TAMS 0x0000000083300000, 0x0000000083300000| Untracked 
|  24|0x0000000083400000, 0x0000000083400000, 0x0000000083500000|  0%| F|  |TAMS 0x0000000083400000, 0x0000000083400000| Untracked 
|  25|0x0000000083500000, 0x0000000083500000, 0x0000000083600000|  0%| F|  |TAMS 0x0000000083500000, 0x0000000083500000| Untracked 
|  26|0x0000000083600000, 0x0000000083600000, 0x0000000083700000|  0%| F|  |TAMS 0x0000000083600000, 0x0000000083600000| Untracked 
|  27|0x0000000083700000, 0x0000000083700000, 0x0000000083800000|  0%| F|  |TAMS 0x0000000083700000, 0x0000000083700000| Untracked 
|  28|0x0000000083800000, 0x0000000083800000, 0x0000000083900000|  0%| F|  |TAMS 0x0000000083800000, 0x0000000083800000| Untracked 
|  29|0x0000000083900000, 0x0000000083900000, 0x0000000083a00000|  0%| F|  |TAMS 0x0000000083900000, 0x0000000083900000| Untracked 
|  30|0x0000000083a00000, 0x0000000083a00000, 0x0000000083b00000|  0%| F|  |TAMS 0x0000000083a00000, 0x0000000083a00000| Untracked 
|  31|0x0000000083b00000, 0x0000000083b00000, 0x0000000083c00000|  0%| F|  |TAMS 0x0000000083b00000, 0x0000000083b00000| Untracked 
|  32|0x0000000083c00000, 0x0000000083c00000, 0x0000000083d00000|  0%| F|  |TAMS 0x0000000083c00000, 0x0000000083c00000| Untracked 
|  33|0x0000000083d00000, 0x0000000083d00000, 0x0000000083e00000|  0%| F|  |TAMS 0x0000000083d00000, 0x0000000083d00000| Untracked 
|  34|0x0000000083e00000, 0x0000000083e00000, 0x0000000083f00000|  0%| F|  |TAMS 0x0000000083e00000, 0x0000000083e00000| Untracked 
|  35|0x0000000083f00000, 0x0000000083f00000, 0x0000000084000000|  0%| F|  |TAMS 0x0000000083f00000, 0x0000000083f00000| Untracked 
|  36|0x0000000084000000, 0x0000000084000000, 0x0000000084100000|  0%| F|  |TAMS 0x0000000084000000, 0x0000000084000000| Untracked 
|  37|0x0000000084100000, 0x0000000084100000, 0x0000000084200000|  0%| F|  |TAMS 0x0000000084100000, 0x0000000084100000| Untracked 
|  38|0x0000000084200000, 0x0000000084200000, 0x0000000084300000|  0%| F|  |TAMS 0x0000000084200000, 0x0000000084200000| Untracked 
|  39|0x0000000084300000, 0x0000000084300000, 0x0000000084400000|  0%| F|  |TAMS 0x0000000084300000, 0x0000000084300000| Untracked 
|  40|0x0000000084400000, 0x0000000084400000, 0x0000000084500000|  0%| F|  |TAMS 0x0000000084400000, 0x0000000084400000| Untracked 
|  41|0x0000000084500000, 0x0000000084500000, 0x0000000084600000|  0%| F|  |TAMS 0x0000000084500000, 0x0000000084500000| Untracked 
|  42|0x0000000084600000, 0x0000000084600000, 0x0000000084700000|  0%| F|  |TAMS 0x0000000084600000, 0x0000000084600000| Untracked 
|  43|0x0000000084700000, 0x0000000084700000, 0x0000000084800000|  0%| F|  |TAMS 0x0000000084700000, 0x0000000084700000| Untracked 
|  44|0x0000000084800000, 0x0000000084800000, 0x0000000084900000|  0%| F|  |TAMS 0x0000000084800000, 0x0000000084800000| Untracked 
|  45|0x0000000084900000, 0x0000000084900000, 0x0000000084a00000|  0%| F|  |TAMS 0x0000000084900000, 0x0000000084900000| Untracked 
|  46|0x0000000084a00000, 0x0000000084a00000, 0x0000000084b00000|  0%| F|  |TAMS 0x0000000084a00000, 0x0000000084a00000| Untracked 
|  47|0x0000000084b00000, 0x0000000084b00000, 0x0000000084c00000|  0%| F|  |TAMS 0x0000000084b00000, 0x0000000084b00000| Untracked 
|  48|0x0000000084c00000, 0x0000000084c00000, 0x0000000084d00000|  0%| F|  |TAMS 0x0000000084c00000, 0x0000000084c00000| Untracked 
|  49|0x0000000084d00000, 0x0000000084d00000, 0x0000000084e00000|  0%| F|  |TAMS 0x0000000084d00000, 0x0000000084d00000| Untracked 
|  50|0x0000000084e00000, 0x0000000084e00000, 0x0000000084f00000|  0%| F|  |TAMS 0x0000000084e00000, 0x0000000084e00000| Untracked 
|  51|0x0000000084f00000, 0x0000000084f00000, 0x0000000085000000|  0%| F|  |TAMS 0x0000000084f00000, 0x0000000084f00000| Untracked 
|  52|0x0000000085000000, 0x0000000085000000, 0x0000000085100000|  0%| F|  |TAMS 0x0000000085000000, 0x0000000085000000| Untracked 
|  53|0x0000000085100000, 0x0000000085100000, 0x0000000085200000|  0%| F|  |TAMS 0x0000000085100000, 0x0000000085100000| Untracked 
|  54|0x0000000085200000, 0x0000000085200000, 0x0000000085300000|  0%| F|  |TAMS 0x0000000085200000, 0x0000000085200000| Untracked 
|  55|0x0000000085300000, 0x0000000085300000, 0x0000000085400000|  0%| F|  |TAMS 0x0000000085300000, 0x0000000085300000| Untracked 
|  56|0x0000000085400000, 0x0000000085400000, 0x0000000085500000|  0%| F|  |TAMS 0x0000000085400000, 0x0000000085400000| Untracked 
|  57|0x0000000085500000, 0x0000000085500000, 0x0000000085600000|  0%| F|  |TAMS 0x0000000085500000, 0x0000000085500000| Untracked 
|  58|0x0000000085600000, 0x0000000085600000, 0x0000000085700000|  0%| F|  |TAMS 0x0000000085600000, 0x0000000085600000| Untracked 
|  59|0x0000000085700000, 0x0000000085700000, 0x0000000085800000|  0%| F|  |TAMS 0x0000000085700000, 0x0000000085700000| Untracked 
|  60|0x0000000085800000, 0x0000000085800000, 0x0000000085900000|  0%| F|  |TAMS 0x0000000085800000, 0x0000000085800000| Untracked 
|  61|0x0000000085900000, 0x0000000085900000, 0x0000000085a00000|  0%| F|  |TAMS 0x0000000085900000, 0x0000000085900000| Untracked 
|  62|0x0000000085a00000, 0x0000000085a00000, 0x0000000085b00000|  0%| F|  |TAMS 0x0000000085a00000, 0x0000000085a00000| Untracked 
|  63|0x0000000085b00000, 0x0000000085b00000, 0x0000000085c00000|  0%| F|  |TAMS 0x0000000085b00000, 0x0000000085b00000| Untracked 
|  64|0x0000000085c00000, 0x0000000085c00000, 0x0000000085d00000|  0%| F|  |TAMS 0x0000000085c00000, 0x0000000085c00000| Untracked 
|  65|0x0000000085d00000, 0x0000000085d00000, 0x0000000085e00000|  0%| F|  |TAMS 0x0000000085d00000, 0x0000000085d00000| Untracked 
|  66|0x0000000085e00000, 0x0000000085e00000, 0x0000000085f00000|  0%| F|  |TAMS 0x0000000085e00000, 0x0000000085e00000| Untracked 
|  67|0x0000000085f00000, 0x0000000085f00000, 0x0000000086000000|  0%| F|  |TAMS 0x0000000085f00000, 0x0000000085f00000| Untracked 
|  68|0x0000000086000000, 0x0000000086000000, 0x0000000086100000|  0%| F|  |TAMS 0x0000000086000000, 0x0000000086000000| Untracked 
|  69|0x0000000086100000, 0x0000000086100000, 0x0000000086200000|  0%| F|  |TAMS 0x0000000086100000, 0x0000000086100000| Untracked 
|  70|0x0000000086200000, 0x0000000086200000, 0x0000000086300000|  0%| F|  |TAMS 0x0000000086200000, 0x0000000086200000| Untracked 
|  71|0x0000000086300000, 0x0000000086300000, 0x0000000086400000|  0%| F|  |TAMS 0x0000000086300000, 0x0000000086300000| Untracked 
|  72|0x0000000086400000, 0x0000000086400000, 0x0000000086500000|  0%| F|  |TAMS 0x0000000086400000, 0x0000000086400000| Untracked 
|  73|0x0000000086500000, 0x0000000086500000, 0x0000000086600000|  0%| F|  |TAMS 0x0000000086500000, 0x0000000086500000| Untracked 
|  74|0x0000000086600000, 0x0000000086600000, 0x0000000086700000|  0%| F|  |TAMS 0x0000000086600000, 0x0000000086600000| Untracked 
|  75|0x0000000086700000, 0x0000000086700000, 0x0000000086800000|  0%| F|  |TAMS 0x0000000086700000, 0x0000000086700000| Untracked 
|  76|0x0000000086800000, 0x0000000086800000, 0x0000000086900000|  0%| F|  |TAMS 0x0000000086800000, 0x0000000086800000| Untracked 
|  77|0x0000000086900000, 0x0000000086900000, 0x0000000086a00000|  0%| F|  |TAMS 0x0000000086900000, 0x0000000086900000| Untracked 
|  78|0x0000000086a00000, 0x0000000086a00000, 0x0000000086b00000|  0%| F|  |TAMS 0x0000000086a00000, 0x0000000086a00000| Untracked 
|  79|0x0000000086b00000, 0x0000000086b00000, 0x0000000086c00000|  0%| F|  |TAMS 0x0000000086b00000, 0x0000000086b00000| Untracked 
|  80|0x0000000086c00000, 0x0000000086c00000, 0x0000000086d00000|  0%| F|  |TAMS 0x0000000086c00000, 0x0000000086c00000| Untracked 
|  81|0x0000000086d00000, 0x0000000086d00000, 0x0000000086e00000|  0%| F|  |TAMS 0x0000000086d00000, 0x0000000086d00000| Untracked 
|  82|0x0000000086e00000, 0x0000000086e00000, 0x0000000086f00000|  0%| F|  |TAMS 0x0000000086e00000, 0x0000000086e00000| Untracked 
|  83|0x0000000086f00000, 0x0000000086f00000, 0x0000000087000000|  0%| F|  |TAMS 0x0000000086f00000, 0x0000000086f00000| Untracked 
|  84|0x0000000087000000, 0x0000000087000000, 0x0000000087100000|  0%| F|  |TAMS 0x0000000087000000, 0x0000000087000000| Untracked 
|  85|0x0000000087100000, 0x0000000087100000, 0x0000000087200000|  0%| F|  |TAMS 0x0000000087100000, 0x0000000087100000| Untracked 
|  86|0x0000000087200000, 0x0000000087200000, 0x0000000087300000|  0%| F|  |TAMS 0x0000000087200000, 0x0000000087200000| Untracked 
|  87|0x0000000087300000, 0x0000000087300000, 0x0000000087400000|  0%| F|  |TAMS 0x0000000087300000, 0x0000000087300000| Untracked 
|  88|0x0000000087400000, 0x0000000087400000, 0x0000000087500000|  0%| F|  |TAMS 0x0000000087400000, 0x0000000087400000| Untracked 
|  89|0x0000000087500000, 0x0000000087500000, 0x0000000087600000|  0%| F|  |TAMS 0x0000000087500000, 0x0000000087500000| Untracked 
|  90|0x0000000087600000, 0x0000000087600000, 0x0000000087700000|  0%| F|  |TAMS 0x0000000087600000, 0x0000000087600000| Untracked 
|  91|0x0000000087700000, 0x0000000087700000, 0x0000000087800000|  0%| F|  |TAMS 0x0000000087700000, 0x0000000087700000| Untracked 
|  92|0x0000000087800000, 0x0000000087800000, 0x0000000087900000|  0%| F|  |TAMS 0x0000000087800000, 0x0000000087800000| Untracked 
|  93|0x0000000087900000, 0x0000000087900000, 0x0000000087a00000|  0%| F|  |TAMS 0x0000000087900000, 0x0000000087900000| Untracked 
|  94|0x0000000087a00000, 0x0000000087a00000, 0x0000000087b00000|  0%| F|  |TAMS 0x0000000087a00000, 0x0000000087a00000| Untracked 
|  95|0x0000000087b00000, 0x0000000087b00000, 0x0000000087c00000|  0%| F|  |TAMS 0x0000000087b00000, 0x0000000087b00000| Untracked 
|  96|0x0000000087c00000, 0x0000000087c00000, 0x0000000087d00000|  0%| F|  |TAMS 0x0000000087c00000, 0x0000000087c00000| Untracked 
|  97|0x0000000087d00000, 0x0000000087d00000, 0x0000000087e00000|  0%| F|  |TAMS 0x0000000087d00000, 0x0000000087d00000| Untracked 
|  98|0x0000000087e00000, 0x0000000087e00000, 0x0000000087f00000|  0%| F|  |TAMS 0x0000000087e00000, 0x0000000087e00000| Untracked 
|  99|0x0000000087f00000, 0x0000000087f00000, 0x0000000088000000|  0%| F|  |TAMS 0x0000000087f00000, 0x0000000087f00000| Untracked 
| 100|0x0000000088000000, 0x0000000088000000, 0x0000000088100000|  0%| F|  |TAMS 0x0000000088000000, 0x0000000088000000| Untracked 
| 101|0x0000000088100000, 0x0000000088100000, 0x0000000088200000|  0%| F|  |TAMS 0x0000000088100000, 0x0000000088100000| Untracked 
| 102|0x0000000088200000, 0x0000000088200000, 0x0000000088300000|  0%| F|  |TAMS 0x0000000088200000, 0x0000000088200000| Untracked 
| 103|0x0000000088300000, 0x0000000088300000, 0x0000000088400000|  0%| F|  |TAMS 0x0000000088300000, 0x0000000088300000| Untracked 
| 104|0x0000000088400000, 0x0000000088400000, 0x0000000088500000|  0%| F|  |TAMS 0x0000000088400000, 0x0000000088400000| Untracked 
| 105|0x0000000088500000, 0x0000000088500000, 0x0000000088600000|  0%| F|  |TAMS 0x0000000088500000, 0x0000000088500000| Untracked 
| 106|0x0000000088600000, 0x0000000088600000, 0x0000000088700000|  0%| F|  |TAMS 0x0000000088600000, 0x0000000088600000| Untracked 
| 107|0x0000000088700000, 0x0000000088700000, 0x0000000088800000|  0%| F|  |TAMS 0x0000000088700000, 0x0000000088700000| Untracked 
| 108|0x0000000088800000, 0x0000000088800000, 0x0000000088900000|  0%| F|  |TAMS 0x0000000088800000, 0x0000000088800000| Untracked 
| 109|0x0000000088900000, 0x0000000088900000, 0x0000000088a00000|  0%| F|  |TAMS 0x0000000088900000, 0x0000000088900000| Untracked 
| 110|0x0000000088a00000, 0x0000000088a00000, 0x0000000088b00000|  0%| F|  |TAMS 0x0000000088a00000, 0x0000000088a00000| Untracked 
| 111|0x0000000088b00000, 0x0000000088b00000, 0x0000000088c00000|  0%| F|  |TAMS 0x0000000088b00000, 0x0000000088b00000| Untracked 
| 112|0x0000000088c00000, 0x0000000088d00000, 0x0000000088d00000|100%| S|CS|TAMS 0x0000000088c00000, 0x0000000088c00000| Complete 
| 113|0x0000000088d00000, 0x0000000088e00000, 0x0000000088e00000|100%| S|CS|TAMS 0x0000000088d00000, 0x0000000088d00000| Complete 
| 114|0x0000000088e00000, 0x0000000088e00000, 0x0000000088f00000|  0%| F|  |TAMS 0x0000000088e00000, 0x0000000088e00000| Untracked 
| 115|0x0000000088f00000, 0x0000000088f00000, 0x0000000089000000|  0%| F|  |TAMS 0x0000000088f00000, 0x0000000088f00000| Untracked 
| 116|0x0000000089000000, 0x0000000089000000, 0x0000000089100000|  0%| F|  |TAMS 0x0000000089000000, 0x0000000089000000| Untracked 
| 117|0x0000000089100000, 0x0000000089100000, 0x0000000089200000|  0%| F|  |TAMS 0x0000000089100000, 0x0000000089100000| Untracked 
| 118|0x0000000089200000, 0x0000000089200000, 0x0000000089300000|  0%| F|  |TAMS 0x0000000089200000, 0x0000000089200000| Untracked 
| 119|0x0000000089300000, 0x0000000089300000, 0x0000000089400000|  0%| F|  |TAMS 0x0000000089300000, 0x0000000089300000| Untracked 
| 120|0x0000000089400000, 0x0000000089400000, 0x0000000089500000|  0%| F|  |TAMS 0x0000000089400000, 0x0000000089400000| Untracked 
| 121|0x0000000089500000, 0x0000000089500000, 0x0000000089600000|  0%| F|  |TAMS 0x0000000089500000, 0x0000000089500000| Untracked 
| 122|0x0000000089600000, 0x0000000089600000, 0x0000000089700000|  0%| F|  |TAMS 0x0000000089600000, 0x0000000089600000| Untracked 
| 123|0x0000000089700000, 0x0000000089700000, 0x0000000089800000|  0%| F|  |TAMS 0x0000000089700000, 0x0000000089700000| Untracked 
| 124|0x0000000089800000, 0x0000000089800000, 0x0000000089900000|  0%| F|  |TAMS 0x0000000089800000, 0x0000000089800000| Untracked 
| 125|0x0000000089900000, 0x0000000089900000, 0x0000000089a00000|  0%| F|  |TAMS 0x0000000089900000, 0x0000000089900000| Untracked 
| 126|0x0000000089a00000, 0x0000000089a00000, 0x0000000089b00000|  0%| F|  |TAMS 0x0000000089a00000, 0x0000000089a00000| Untracked 
| 127|0x0000000089b00000, 0x0000000089c00000, 0x0000000089c00000|100%| E|  |TAMS 0x0000000089b00000, 0x0000000089b00000| Complete 

Card table byte_map: [0x00000235ff730000,0x00000235ffb30000] _byte_map_base: 0x00000235ff322000

Marking Bits (Prev, Next): (CMBitMap*) 0x00000235fb4de108, (CMBitMap*) 0x00000235fb4de140
 Prev Bits: [0x000002358f000000, 0x0000023590f90000)
 Next Bits: [0x0000023590f90000, 0x0000023592f20000)

Polling page: 0x00000235fab50000

Metaspace:

Usage:
  Non-class:     15.39 MB capacity,    15.17 MB ( 99%) used,   180.53 KB (  1%) free+waste,    50.00 KB ( <1%) overhead. 
      Class:      2.07 MB capacity,     1.86 MB ( 90%) used,   187.29 KB (  9%) free+waste,    26.44 KB (  1%) overhead. 
       Both:     17.46 MB capacity,    17.03 MB ( 98%) used,   367.82 KB (  2%) free+waste,    76.44 KB ( <1%) overhead. 

Virtual space:
  Non-class space:       16.00 MB reserved,      15.50 MB ( 97%) committed 
      Class space:        1.00 GB reserved,       2.13 MB ( <1%) committed 
             Both:        1.02 GB reserved,      17.63 MB (  2%) committed 

Chunk freelists:
   Non-Class:  44.00 KB
       Class:  29.00 KB
        Both:  73.00 KB

CodeHeap 'non-profiled nmethods': size=120064Kb used=480Kb max_used=480Kb free=119583Kb
 bounds [0x0000023587ac0000, 0x0000023587d30000, 0x000002358f000000]
CodeHeap 'profiled nmethods': size=120000Kb used=2541Kb max_used=2541Kb free=117458Kb
 bounds [0x0000023580590000, 0x0000023580810000, 0x0000023587ac0000]
CodeHeap 'non-nmethods': size=5696Kb used=1228Kb max_used=1242Kb free=4467Kb
 bounds [0x0000023580000000, 0x0000023580270000, 0x0000023580590000]
 total_blobs=2178 nmethods=1351 adapters=515
 compilation: enabled
              stopped_count=0, restarted_count=0
 full_count=0

Compilation events (10 events):
Event: 4.921 Thread 0x0000023595cbf800 1347       3       java.awt.Component::invalidateIfValid (12 bytes)
Event: 4.921 Thread 0x0000023595cbf800 nmethod 1347 0x0000023580809c90 code [0x0000023580809e60, 0x000002358080a230]
Event: 4.924 Thread 0x0000023595cbf800 1349       3       javax.swing.RepaintManager::addDirtyRegion (37 bytes)
Event: 4.924 Thread 0x0000023595cbf800 nmethod 1349 0x000002358080a310 code [0x000002358080a500, 0x000002358080a850]
Event: 4.924 Thread 0x0000023595cbf800 1348       3       java.awt.RenderingHints$Key::hashCode (5 bytes)
Event: 4.924 Thread 0x0000023595cbf800 nmethod 1348 0x000002358080aa10 code [0x000002358080abc0, 0x000002358080ad50]
Event: 4.924 Thread 0x0000023595cbf800 1350  s    3       java.beans.ChangeListenerMap::get (25 bytes)
Event: 4.924 Thread 0x0000023595cbf800 nmethod 1350 0x000002358080ae10 code [0x000002358080afe0, 0x000002358080b4d0]
Event: 4.924 Thread 0x0000023595cbf800 1351       3       javax.swing.UIDefaults$TextAndMnemonicHashMap::get (358 bytes)
Event: 4.951 Thread 0x0000023595cb9000 1365       4       java.lang.String::substring (58 bytes)

GC Heap History (2 events):
Event: 4.966 GC heap before
{Heap before GC invocations=0 (full 0):
 garbage-first heap   total 131072K, used 18432K [0x0000000081c00000, 0x0000000100000000)
  region size 1024K, 14 young (14336K), 0 survivors (0K)
 Metaspace       used 17433K, capacity 17879K, committed 18048K, reserved 1064960K
  class space    used 1901K, capacity 2115K, committed 2176K, reserved 1048576K
}
Event: 4.975 GC heap after
{Heap after GC invocations=1 (full 0):
 garbage-first heap   total 131072K, used 5204K [0x0000000081c00000, 0x0000000100000000)
  region size 1024K, 2 young (2048K), 2 survivors (2048K)
 Metaspace       used 17433K, capacity 17879K, committed 18048K, reserved 1064960K
  class space    used 1901K, capacity 2115K, committed 2176K, reserved 1048576K
}

Deoptimization events (10 events):
Event: 1.090 Thread 0x0000023595cb8000 DEOPT PACKING pc=0x0000023587afcd88 sp=0x000000eb9aafe4e0
Event: 1.090 Thread 0x0000023595cb8000 DEOPT UNPACKING pc=0x0000023580028f2f sp=0x000000eb9aafe480 mode 2
Event: 4.114 Thread 0x00000235965b9800 Uncommon trap: trap_request=0xffffff4d fr.pc=0x0000023587b16b3c relative=0x000000000000037c
Event: 4.114 Thread 0x00000235965b9800 Uncommon trap: reason=unstable_if action=reinterpret pc=0x0000023587b16b3c method=java.lang.StringLatin1.canEncode(I)Z @ 4 c2
Event: 4.114 Thread 0x00000235965b9800 DEOPT PACKING pc=0x0000023587b16b3c sp=0x000000eb9b5fa290
Event: 4.114 Thread 0x00000235965b9800 DEOPT UNPACKING pc=0x0000023580028f2f sp=0x000000eb9b5fa1b8 mode 2
Event: 4.114 Thread 0x00000235965b9800 Uncommon trap: trap_request=0xffffff4d fr.pc=0x0000023587b0a0a8 relative=0x0000000000000368
Event: 4.114 Thread 0x00000235965b9800 Uncommon trap: reason=unstable_if action=reinterpret pc=0x0000023587b0a0a8 method=java.lang.AbstractStringBuilder.append(C)Ljava/lang/AbstractStringBuilder; @ 14 c2
Event: 4.114 Thread 0x00000235965b9800 DEOPT PACKING pc=0x0000023587b0a0a8 sp=0x000000eb9b5fa220
Event: 4.114 Thread 0x00000235965b9800 DEOPT UNPACKING pc=0x0000023580028f2f sp=0x000000eb9b5fa210 mode 2

Classes redefined (0 events):
No events

Internal exceptions (10 events):
Event: 0.838 Thread 0x00000235fb461000 Exception <a 'java/io/FileNotFoundException'{0x0000000089305d70}> (0x0000000089305d70) thrown at [c:/BuildAgent/work/5ff2f6c26000d570/src/hotspot/share/prims/jni.cpp, line 615]
Event: 0.838 Thread 0x00000235fb461000 Exception <a 'java/lang/NullPointerException'{0x00000000893065d0}> (0x00000000893065d0) thrown at [c:/BuildAgent/work/5ff2f6c26000d570/src/hotspot/share/interpreter/linkResolver.cpp, line 1358]
Event: 0.889 Thread 0x00000235fb461000 Exception <a 'java/lang/NoSuchMethodError'{0x00000000892927c8}: 'java.lang.Object java.lang.invoke.DirectMethodHandle$Holder.invokeStatic(java.lang.Object, java.lang.Object, java.lang.Object, java.lang.Object, java.lang.Object, java.lang.Object, java.lang
Event: 0.896 Thread 0x00000235fb461000 Exception <a 'java/lang/NoSuchMethodError'{0x00000000892b09d0}: 'java.lang.Object java.lang.invoke.DirectMethodHandle$Holder.invokeStatic(java.lang.Object, java.lang.Object, java.lang.Object, java.lang.Object, java.lang.Object, java.lang.Object, java.lang
Event: 0.902 Thread 0x00000235fb461000 Exception <a 'java/lang/NoSuchMethodError'{0x00000000892cf968}: 'java.lang.Object java.lang.invoke.DirectMethodHandle$Holder.invokeStatic(java.lang.Object, java.lang.Object, java.lang.Object, java.lang.Object, java.lang.Object, java.lang.Object, java.lang
Event: 0.912 Thread 0x00000235fb461000 Exception <a 'java/lang/NoSuchMethodError'{0x00000000892dbb80}: 'java.lang.Object java.lang.invoke.Invokers$Holder.linkToTargetMethod(java.lang.Object, int, java.lang.Object)'> (0x00000000892dbb80) thrown at [c:/BuildAgent/work/5ff2f6c26000d570/src/hotspo
Event: 0.971 Thread 0x00000235fb461000 Exception <a 'java/lang/NoSuchMethodError'{0x00000000891255e8}: 'java.lang.Object java.lang.invoke.DirectMethodHandle$Holder.invokeStatic(java.lang.Object, java.lang.Object, java.lang.Object, java.lang.Object, java.lang.Object, java.lang.Object, java.lang
Event: 4.117 Thread 0x00000235965b9800 Exception <a 'java/lang/NoSuchMethodError'{0x0000000088ff1130}: 'java.lang.Object java.lang.invoke.DirectMethodHandle$Holder.invokeStatic(java.lang.Object, java.lang.Object, java.lang.Object, java.lang.Object, java.lang.Object, java.lang.Object, java.lang
Event: 4.119 Thread 0x00000235965b9800 Exception <a 'java/lang/NoSuchMethodError'{0x0000000088ffd5d0}: 'java.lang.Object java.lang.invoke.DirectMethodHandle$Holder.invokeStatic(java.lang.Object, java.lang.Object, java.lang.Object, java.lang.Object, java.lang.Object, java.lang.Object, java.lang
Event: 4.120 Thread 0x00000235965b9800 Exception <a 'java/lang/NoSuchMethodError'{0x0000000088e0a4b8}: 'java.lang.Object java.lang.invoke.DirectMethodHandle$Holder.invokeStatic(java.lang.Object, java.lang.Object, java.lang.Object, java.lang.Object, java.lang.Object, java.lang.Object, java.lang

Events (10 events):
Event: 4.953 loading class java/awt/WaitDispatchSupport$4
Event: 4.953 loading class java/awt/WaitDispatchSupport$4 done
Event: 4.953 loading class sun/awt/ModalExclude
Event: 4.953 loading class sun/awt/ModalExclude done
Event: 4.956 loading class sun/awt/image/BufImgSurfaceManager
Event: 4.956 loading class sun/awt/image/BufImgSurfaceManager done
Event: 4.966 Executing VM operation: G1CollectForAllocation
Event: 4.975 Executing VM operation: G1CollectForAllocation done
Event: 4.976 Executing VM operation: RevokeBias
Event: 4.976 Executing VM operation: RevokeBias done


Dynamic libraries:
0x00007ff6ca390000 - 0x00007ff6ca3d7000 	D:\apps\IDEA-U\ch-0\193.5233.102\jbr\bin\java.exe
0x00007ff808a40000 - 0x00007ff808c10000 	C:\Windows\SYSTEM32\ntdll.dll
0x00007ff806dd0000 - 0x00007ff806e7b000 	C:\Windows\System32\KERNEL32.DLL
0x00007ff805850000 - 0x00007ff805a6d000 	C:\Windows\System32\KERNELBASE.dll
0x00007ff8065b0000 - 0x00007ff806715000 	C:\Windows\System32\USER32.dll
0x00007ff805db0000 - 0x00007ff805dce000 	C:\Windows\System32\win32u.dll
0x00007ff806880000 - 0x00007ff8068b4000 	C:\Windows\System32\GDI32.dll
0x00007ff805610000 - 0x00007ff805791000 	C:\Windows\System32\gdi32full.dll
0x00007ffffcbc0000 - 0x00007ffffce3a000 	C:\Windows\WinSxS\amd64_microsoft.windows.common-controls_6595b64144ccf1df_6.0.14393.2848_none_7ddecd5e83436d8c\COMCTL32.dll
0x00007ff806790000 - 0x00007ff80682e000 	C:\Windows\System32\msvcrt.dll
0x00007ff8069a0000 - 0x00007ff806c65000 	C:\Windows\System32\combase.dll
0x00007ff805dd0000 - 0x00007ff805ec4000 	C:\Windows\System32\ucrtbase.dll
0x00007ff8071c0000 - 0x00007ff8072e1000 	C:\Windows\System32\RPCRT4.dll
0x00007ff805d40000 - 0x00007ff805daa000 	C:\Windows\System32\bcryptPrimitives.dll
0x00007ff806840000 - 0x00007ff80686e000 	C:\Windows\System32\IMM32.DLL
0x00007ffff6eb0000 - 0x00007ffff6ec7000 	D:\apps\IDEA-U\ch-0\193.5233.102\jbr\bin\vcruntime140.dll
0x00007ffff1ef0000 - 0x00007ffff1f8d000 	D:\apps\IDEA-U\ch-0\193.5233.102\jbr\bin\msvcp140.dll
0x00007ffff2910000 - 0x00007ffff33c8000 	D:\apps\IDEA-U\ch-0\193.5233.102\jbr\bin\server\jvm.dll
0x00007ff8064a0000 - 0x00007ff806542000 	C:\Windows\System32\ADVAPI32.dll
0x00007ff8072f0000 - 0x00007ff807349000 	C:\Windows\System32\sechost.dll
0x00007ff806830000 - 0x00007ff806838000 	C:\Windows\System32\PSAPI.DLL
0x00007ff8020b0000 - 0x00007ff8020b9000 	C:\Windows\SYSTEM32\WSOCK32.dll
0x00007ff803440000 - 0x00007ff803463000 	C:\Windows\SYSTEM32\WINMM.dll
0x00007ffff9a30000 - 0x00007ffff9a3a000 	C:\Windows\SYSTEM32\VERSION.dll
0x00007ff8033e0000 - 0x00007ff80340b000 	C:\Windows\SYSTEM32\WINMMBASE.dll
0x00007ff805cf0000 - 0x00007ff805d32000 	C:\Windows\System32\cfgmgr32.dll
0x00007ff807450000 - 0x00007ff8074ba000 	C:\Windows\System32\WS2_32.dll
0x00007ff804eb0000 - 0x00007ff804ebf000 	C:\Windows\System32\kernel.appcore.dll
0x00007ff800ac0000 - 0x00007ff800ad1000 	D:\apps\IDEA-U\ch-0\193.5233.102\jbr\bin\verify.dll
0x00007ffff3d40000 - 0x00007ffff3ed2000 	C:\Windows\SYSTEM32\DBGHELP.DLL
0x00007ff800a60000 - 0x00007ff800a89000 	C:\Windows\SYSTEM32\dbgcore.DLL
0x00007ff800a30000 - 0x00007ff800a59000 	D:\apps\IDEA-U\ch-0\193.5233.102\jbr\bin\java.dll
0x00007ff800b40000 - 0x00007ff800b74000 	D:\apps\IDEA-U\ch-0\193.5233.102\jbr\bin\instrument.dll
0x00007ff800a10000 - 0x00007ff800a27000 	D:\apps\IDEA-U\ch-0\193.5233.102\jbr\bin\zip.dll
0x00007ff801270000 - 0x00007ff80127b000 	D:\apps\IDEA-U\ch-0\193.5233.102\jbr\bin\jimage.dll
0x00007ff8074c0000 - 0x00007ff8089c5000 	C:\Windows\System32\SHELL32.dll
0x00007ff804f30000 - 0x00007ff805609000 	C:\Windows\System32\windows.storage.dll
0x00007ff804ec0000 - 0x00007ff804f0c000 	C:\Windows\System32\powrprof.dll
0x00007ff8089e0000 - 0x00007ff808a32000 	C:\Windows\System32\shlwapi.dll
0x00007ff8057a0000 - 0x00007ff805849000 	C:\Windows\System32\shcore.dll
0x00007ff804f10000 - 0x00007ff804f24000 	C:\Windows\System32\profapi.dll
0x00007ff8009f0000 - 0x00007ff800a0a000 	D:\apps\IDEA-U\ch-0\193.5233.102\jbr\bin\net.dll
0x00007ffffb810000 - 0x00007ffffb8dc000 	C:\Windows\SYSTEM32\WINHTTP.dll
0x00007ffff7950000 - 0x00007ffff7b12000 	C:\Windows\SYSTEM32\urlmon.dll
0x00007ffffa070000 - 0x00007ffffa320000 	C:\Windows\SYSTEM32\iertutil.dll
0x00007ff804770000 - 0x00007ff8047cc000 	C:\Windows\system32\mswsock.dll
0x00007ff8009d0000 - 0x00007ff8009e4000 	D:\apps\IDEA-U\ch-0\193.5233.102\jbr\bin\nio.dll
0x00007ffff43b0000 - 0x00007ffff43ca000 	D:\apps\IDEA-U\ch-0\193.5233.102\bin\breakgen64.dll
0x00007ffff4700000 - 0x00007ffff48a1000 	D:\apps\IDEA-U\ch-0\193.5233.102\jbr\bin\awt.dll
0x00007ff8068c0000 - 0x00007ff806980000 	C:\Windows\System32\OLEAUT32.dll
0x00007ff805f30000 - 0x00007ff805fcc000 	C:\Windows\System32\msvcp_win.dll
0x00007ff802c40000 - 0x00007ff802c66000 	C:\Windows\SYSTEM32\dwmapi.dll
0x00007ff8000d0000 - 0x00007ff80062f000 	C:\Windows\SYSTEM32\d2d1.dll
0x00007ff805a70000 - 0x00007ff805c39000 	C:\Windows\System32\CRYPT32.dll
0x00007ff804ea0000 - 0x00007ff804eb0000 	C:\Windows\System32\MSASN1.dll
0x00007ff803540000 - 0x00007ff8035ba000 	C:\Windows\SYSTEM32\apphelp.dll
0x00007ff803720000 - 0x00007ff8037b5000 	C:\Windows\system32\uxtheme.dll
0x00007ffff45d0000 - 0x00007ffff46f3000 	C:\Windows\system32\opengl32.dll
0x00007ff800990000 - 0x00007ff8009bd000 	C:\Windows\SYSTEM32\GLU32.dll
0x00007ffff4440000 - 0x00007ffff4537000 	C:\Windows\SYSTEM32\DDRAW.dll
0x00007ff800980000 - 0x00007ff800988000 	C:\Windows\SYSTEM32\DCIMAN32.dll
0x00007ff806c70000 - 0x00007ff806dca000 	C:\Windows\System32\MSCTF.dll
0x00007ff806ee0000 - 0x00007ff807018000 	C:\Windows\System32\ole32.dll
0x00007ffff7000000 - 0x00007ffff7082000 	D:\apps\IDEA-U\ch-0\193.5233.102\jbr\bin\freetype.dll
0x00007ffff6f50000 - 0x00007ffff6ff8000 	D:\apps\IDEA-U\ch-0\193.5233.102\jbr\bin\fontmanager.dll
0x00007ff805fd0000 - 0x00007ff80606f000 	C:\Windows\System32\clbcatq.dll
0x00007ff802250000 - 0x00007ff8023f8000 	C:\Windows\SYSTEM32\WindowsCodecs.dll
0x00007fffee8a0000 - 0x00007fffee8e9000 	C:\Windows\system32\dataexchange.dll
0x00007ff801cb0000 - 0x00007ff801f66000 	C:\Windows\system32\d3d11.dll
0x00007ff803140000 - 0x00007ff803291000 	C:\Windows\system32\dcomp.dll
0x00007ff803f40000 - 0x00007ff803fdf000 	C:\Windows\system32\dxgi.dll
0x00007ff8039d0000 - 0x00007ff803aec000 	C:\Windows\system32\twinapi.appcore.dll
0x00007ff804de0000 - 0x00007ff804e0b000 	C:\Windows\system32\bcrypt.dll
0x00007ffff0600000 - 0x00007ffff0676000 	C:\Windows\system32\IME\QQPinyinTSF\QQPinyinTSF.dll
0x00007fffe6680000 - 0x00007fffe739f000 	C:\Windows\system32\IME\QQPinyinTSF\QQPinyin.ime
0x00007ff8029d0000 - 0x00007ff8029e3000 	C:\Windows\SYSTEM32\WTSAPI32.dll
0x00007ffff3670000 - 0x00007ffff3677000 	C:\Windows\SYSTEM32\MSIMG32.dll
0x00007fffe60e0000 - 0x00007fffe64c2000 	C:\Windows\SYSTEM32\WININET.dll
0x00007ff804530000 - 0x00007ff8045d1000 	C:\Windows\SYSTEM32\DNSAPI.dll
0x00007ff806870000 - 0x00007ff806878000 	C:\Windows\System32\NSI.dll
0x00007ffff04e0000 - 0x00007ffff04f9000 	C:\Windows\SYSTEM32\USP10.dll
0x00007ff8044f0000 - 0x00007ff804528000 	C:\Windows\SYSTEM32\IPHLPAPI.DLL
0x00007ff8027a0000 - 0x00007ff802925000 	C:\Windows\SYSTEM32\PROPSYS.dll
0x00007fffee340000 - 0x00007fffee382000 	C:\Windows\SYSTEM32\edputil.dll
0x00007ff804b70000 - 0x00007ff804b9c000 	C:\Windows\SYSTEM32\SspiCli.dll

dbghelp: loaded successfully - version: 4.0.5 - missing functions: none
symbol engine: initialized successfully - sym options: 0x614 - pdb path: .;D:\apps\IDEA-U\ch-0\193.5233.102\jbr\bin;C:\Windows\SYSTEM32;C:\Windows\WinSxS\amd64_microsoft.windows.common-controls_6595b64144ccf1df_6.0.14393.2848_none_7ddecd5e83436d8c;D:\apps\IDEA-U\ch-0\193.5233.102\jbr\bin\server;D:\apps\IDEA-U\ch-0\193.5233.102\bin;C:\Windows\system32\IME\QQPinyinTSF

VM Arguments:
jvm_args: -javaagent:D:\apps\IDEA-U\ch-0\193.5233.102\lib\idea_rt.jar=61478:D:\apps\IDEA-U\ch-0\193.5233.102\bin -Dfile.encoding=UTF-8 
java_command: main.Test
java_class_path (initial): C:\Users\Administrator\Desktop\Coke\bin
Launcher Type: SUN_STANDARD

[Global flags]
     intx CICompilerCount                          = 3                                         {product} {ergonomic}
     uint ConcGCThreads                            = 1                                         {product} {ergonomic}
     uint G1ConcRefinementThreads                  = 4                                         {product} {ergonomic}
   size_t G1HeapRegionSize                         = 1048576                                   {product} {ergonomic}
    uintx GCDrainStackTargetSize                   = 64                                        {product} {ergonomic}
   size_t InitialHeapSize                          = 134217728                                 {product} {ergonomic}
   size_t MarkStackSize                            = 4194304                                   {product} {ergonomic}
   size_t MaxHeapSize                              = 2118123520                                {product} {ergonomic}
   size_t MaxNewSize                               = 1270874112                                {product} {ergonomic}
   size_t MinHeapDeltaBytes                        = 1048576                                   {product} {ergonomic}
    uintx NonNMethodCodeHeapSize                   = 5830092                                {pd product} {ergonomic}
    uintx NonProfiledCodeHeapSize                  = 122914074                              {pd product} {ergonomic}
    uintx ProfiledCodeHeapSize                     = 122914074                              {pd product} {ergonomic}
    uintx ReservedCodeCacheSize                    = 251658240                              {pd product} {ergonomic}
     bool SegmentedCodeCache                       = true                                      {product} {ergonomic}
     bool UseCompressedClassPointers               = true                                 {lp64_product} {ergonomic}
     bool UseCompressedOops                        = true                                 {lp64_product} {ergonomic}
     bool UseG1GC                                  = true                                      {product} {ergonomic}
     bool UseLargePagesIndividualAllocation        = false                                  {pd product} {ergonomic}

Logging:
Log output configuration:
 #0: stdout all=warning uptime,level,tags
 #1: stderr all=off uptime,level,tags

Environment Variables:
JAVA_HOME=C:/Program Files/Java/jdk1.8.0_31
CLASSPATH=.C:/Program Files/Java/jdk1.8.0_31/lib;C:/Program Files/Java/jdk1.8.0_31/lib/tools.jar
PATH=D:\ANACONDA;D:\ANACONDA\Library\mingw-w64\bin;D:\ANACONDA\Library\usr\bin;D:\ANACONDA\Library\bin;D:\ANACONDA\Scripts;C:\Program Files (x86)\Common Files\Intel\Shared Libraries\redist\intel64\compiler;C:\Windows\system32;C:\Windows;C:\Windows\System32\Wbem;C:\Windows\System32\WindowsPowerShell\v1.0\;C:\Program Files (x86)\NVIDIA Corporation\PhysX\Common;C:\Program Files\Intel\WiFi\bin\;C:\Program Files\Common Files\Intel\WirelessCommon\;C:\Program Files\NVIDIA Corporation\NVIDIA NvDLISR;C:\Program Files (x86)\100\Tools\Binn\;C:\Program Files\100\Tools\Binn\;C:\Program Files\100\DTS\Binn\;C:\Program Files (x86)\100\Tools\Binn\VSShell\Common7\IDE\;C:\Program Files (x86)\100\DTS\Binn\;C:\Program Files (x86)\Microsoft Visual Studio 9.0\Common7\IDE\PrivateAssemblies\;C:\Program Files (x86)\90\Tools\binn\;C:\Users\Administrator\AppData\Local\Programs\Python\Python37-32\Scripts\;C:\Users\Administrator\AppData\Local\Programs\Python\Python37-32\;C:\Users\Administrator\AppData\Local\Microsoft\WindowsApps;C:\Program Files\Intel\WiFi\bin\;C:\Program Files\Common Files\Intel\WirelessCommon\;D:\Microsoft VS Code\bin
USERNAME=Administrator
OS=Windows_NT
PROCESSOR_IDENTIFIER=Intel64 Family 6 Model 158 Stepping 9, GenuineIntel



---------------  S Y S T E M  ---------------

OS: Windows 10 , 64 bit Build 14393 (10.0.14393.2906)

CPU:total 4 (initial active 4) (4 cores per cpu, 1 threads per core) family 6 model 158 stepping 9, cmov, cx8, fxsr, mmx, sse, sse2, sse3, ssse3, sse4.1, sse4.2, popcnt, avx, avx2, aes, clmul, erms, 3dnowpref, lzcnt, tsc, tscinvbit, bmi1, bmi2, adx, fma

Memory: 4k page, system-wide physical 8078M (1748M free)
TotalPageFile size 8078M (AvailPageFile size 12M)
current process WorkingSet (physical memory assigned to process): 120M, peak: 120M
current process commit charge ("private bytes"): 240M, peak: 240M

vm_info: OpenJDK 64-Bit Server VM (11.0.4+10-b520.11) for windows-amd64 JRE (11.0.4+10-b520.11), built on Nov 16 2019 04:35:14 by "" with MS VC++ 14.0 (VS2015)

END.
